Build started 28/8/2015 4:28:44 PM.
     1>Project "C:\Users\iPhantomiKX\NYP\NamCapLatest\SP1Framework.vcxproj" on node 2 (build target(s)).
     1>InitializeBuildStatus:
         Touching "Release\SP1Framework.unsuccessfulbuild".
       ClCompile:
         All outputs are up-to-date.
       Link:
         C:\Program Files (x86)\Microsoft Visual Studio 10.0\VC\bin\link.exe /ERRORREPORT:PROMPT /OUT:"C:\Users\iPhantomiKX\NYP\NamCapLatest\Release\SP1Framework.exe" /INCREMENTAL:NO /NOLOGO winmm.lib kernel32.lib user32.lib gdi32.lib winspool.lib comdlg32.lib advapi32.lib shell32.lib ole32.lib oleaut32.lib uuid.lib odbc32.lib odbccp32.lib /MANIFEST /ManifestFile:"Release\SP1Framework.exe.intermediate.manifest" /MANIFESTUAC:"level='asInvoker' uiAccess='false'" /DEBUG /PDB:"C:\Users\iPhantomiKX\NYP\NamCapLatest\Release\SP1Framework.pdb" /SUBSYSTEM:CONSOLE /OPT:REF /OPT:ICF /LTCG /TLBID:1 /DYNAMICBASE /NXCOMPAT /IMPLIB:"C:\Users\iPhantomiKX\NYP\NamCapLatest\Release\SP1Framework.lib" /MACHINE:X86 Release\ai.obj
         Release\coop.obj
         Release\console.obj
         Release\timer.obj
         Release\game.obj
         Release\infection.obj
         Release\main.obj
         Release\GameUI.obj
         Release\map.obj
         Release\survival.obj
         Generating code
         Finished generating code
         SP1Framework.vcxproj -> C:\Users\iPhantomiKX\NYP\NamCapLatest\Release\SP1Framework.exe
       Manifest:
         C:\Program Files (x86)\Microsoft SDKs\Windows\v7.0A\bin\mt.exe /nologo /verbose /outputresource:"C:\Users\iPhantomiKX\NYP\NamCapLatest\Release\SP1Framework.exe;#1" /manifest Release\SP1Framework.exe.intermediate.manifest
       FinalizeBuildStatus:
         Deleting file "Release\SP1Framework.unsuccessfulbuild".
         Touching "Release\SP1Framework.lastbuildstate".
     1>Done Building Project "C:\Users\iPhantomiKX\NYP\NamCapLatest\SP1Framework.vcxproj" (build target(s)).

Build succeeded.

Time Elapsed 00:00:03.17
